<?xml version="1.0" encoding="UTF-8"?>
<testsuite xmlns:xsi="http://www.w3.org/2001/XMLSchema-instance" xsi:noNamespaceSchemaLocation="https://maven.apache.org/surefire/maven-surefire-plugin/xsd/surefire-test-report.xsd" version="3.0.2" name="com.pranshi.loan.loan.LoanApplicationTests" time="30.832" tests="1" errors="0" skipped="0" failures="0">
  <properties>
[...]
</properties>
  <testcase name="contextLoads" classname="com.pranshi.loan.loan.LoanApplicationTests" time="1.39">
    <system-out><![CDATA[09:46:12.971 [main] INFO org.springframework.test.context.support.AnnotationConfigContextLoaderUtils -- Could not detect default configuration classes for test class [com.pranshi.loan.loan.LoanApplicationTests]: LoanApplicationTests does not declare any static, non-private, non-final, nested classes annotated with @Configuration.
09:46:13.330 [main] INFO org.springframework.boot.test.context.SpringBootTestContextBootstrapper -- Found @SpringBootConfiguration com.pranshi.loan.loan.LoanApplication for test class com.pranshi.loan.loan.LoanApplicationTests
09:46:14.909 [main] INFO org.springframework.boot.devtools.restart.RestartApplicationListener -- Restart disabled due to context in which it is running

  .   ____          _            __ _ _
 /\\ / ___'_ __ _ _(_)_ __  __ _ \ \ \ \
( ( )\___ | '_ | '_| | '_ \/ _` | \ \ \ \
 \\/  ___)| |_)| | | | | || (_| |  ) ) ) )
  '  |____| .__|_| |_|_| |_\__, | / / / /
 =========|_|==============|___/=/_/_/_/

 :: Spring Boot ::                (v3.5.0)

2025-06-02T09:46:18.204+05:30  INFO 7800 --- [cards] [           main] c.p.loan.loan.LoanApplicationTests       : Starting LoanApplicationTests using Java 17.0.12 with PID 7800 (started by dell in G:\vscode-project-docker\docker-boot-project\microservice\loan-microservice\loan)
2025-06-02T09:46:18.208+05:30  INFO 7800 --- [cards] [           main] c.p.loan.loan.LoanApplicationTests       : The following 1 profile is active: "prod"
2025-06-02T09:46:18.434+05:30  INFO 7800 --- [cards] [           main] o.s.c.c.c.ConfigServerConfigDataLoader   : Fetching config from server at : http://localhost:8071/
2025-06-02T09:46:18.435+05:30  INFO 7800 --- [cards] [           main] o.s.c.c.c.ConfigServerConfigDataLoader   : Located environment: name=cards, profiles=[default], label=null, version=null, state=null
2025-06-02T09:46:18.435+05:30  INFO 7800 --- [cards] [           main] o.s.c.c.c.ConfigServerConfigDataLoader   : Fetching config from server at : http://localhost:8071/
2025-06-02T09:46:18.436+05:30  INFO 7800 --- [cards] [           main] o.s.c.c.c.ConfigServerConfigDataLoader   : Located environment: name=cards, profiles=[prod], label=null, version=null, state=null
2025-06-02T09:46:22.999+05:30  INFO 7800 --- [cards] [           main] .s.d.r.c.RepositoryConfigurationDelegate : Bootstrapping Spring Data JPA repositories in DEFAULT mode.
2025-06-02T09:46:23.217+05:30  INFO 7800 --- [cards] [           main] .s.d.r.c.RepositoryConfigurationDelegate : Finished Spring Data repository scanning in 183 ms. Found 1 JPA repository interface.
2025-06-02T09:46:23.658+05:30  INFO 7800 --- [cards] [           main] o.s.cloud.context.scope.GenericScope     : BeanFactory id=5959860f-640c-3a0c-b358-f78a09bcb9bb
2025-06-02T09:46:26.709+05:30  INFO 7800 --- [cards] [           main] com.zaxxer.hikari.HikariDataSource       : HikariPool-1 - Starting...
2025-06-02T09:46:27.968+05:30  INFO 7800 --- [cards] [           main] com.zaxxer.hikari.pool.HikariPool        : HikariPool-1 - Added connection conn0: url=jdbc:h2:mem:testdb user=SA
2025-06-02T09:46:27.974+05:30  INFO 7800 --- [cards] [           main] com.zaxxer.hikari.HikariDataSource       : HikariPool-1 - Start completed.
2025-06-02T09:46:28.528+05:30  INFO 7800 --- [cards] [           main] o.hibernate.jpa.internal.util.LogHelper  : HHH000204: Processing PersistenceUnitInfo [name: default]
2025-06-02T09:46:28.775+05:30  INFO 7800 --- [cards] [           main] org.hibernate.Version                    : HHH000412: Hibernate ORM core version 6.6.15.Final
2025-06-02T09:46:28.975+05:30  INFO 7800 --- [cards] [           main] o.h.c.internal.RegionFactoryInitiator    : HHH000026: Second-level cache disabled
2025-06-02T09:46:31.034+05:30  INFO 7800 --- [cards] [           main] o.s.o.j.p.SpringPersistenceUnitInfo      : No LoadTimeWeaver setup: ignoring JPA class transformer
2025-06-02T09:46:31.289+05:30  WARN 7800 --- [cards] [           main] org.hibernate.orm.deprecation            : HHH90000025: H2Dialect does not need to be specified explicitly using 'hibernate.dialect' (remove the property setting and it will be selected by default)
2025-06-02T09:46:31.348+05:30  INFO 7800 --- [cards] [           main] org.hibernate.orm.connections.pooling    : HHH10001005: Database info:
	Database JDBC URL [Connecting through datasource 'HikariDataSource (HikariPool-1)']
	Database driver: undefined/unknown
	Database version: 2.3.232
	Autocommit mode: undefined/unknown
	Isolation level: undefined/unknown
	Minimum pool size: undefined/unknown
	Maximum pool size: undefined/unknown
2025-06-02T09:46:35.226+05:30  INFO 7800 --- [cards] [           main] o.h.e.t.j.p.i.JtaPlatformInitiator       : HHH000489: No JTA platform available (set 'hibernate.transaction.jta.platform' to enable JTA platform integration)
2025-06-02T09:46:35.388+05:30  INFO 7800 --- [cards] [           main] j.LocalContainerEntityManagerFactoryBean : Initialized JPA EntityManagerFactory for persistence unit 'default'
2025-06-02T09:46:37.229+05:30  WARN 7800 --- [cards] [           main] JpaBaseConfiguration$JpaWebConfiguration : spring.jpa.open-in-view is enabled by default. Therefore, database queries may be performed during view rendering. Explicitly configure spring.jpa.open-in-view to disable this warning
2025-06-02T09:46:40.167+05:30  INFO 7800 --- [cards] [           main] o.s.b.a.h2.H2ConsoleAutoConfiguration    : H2 console available at '/h2-console'. Database available at 'jdbc:h2:mem:testdb'
2025-06-02T09:46:41.427+05:30  INFO 7800 --- [cards] [           main] o.s.b.a.e.web.EndpointLinksResolver      : Exposing 1 endpoint beneath base path '/actuator'
2025-06-02T09:46:41.752+05:30  INFO 7800 --- [cards] [           main] c.p.loan.loan.LoanApplicationTests       : Started LoanApplicationTests in 26.943 seconds (process running for 30.988)
]]></system-out>
  </testcase>
</testsuite>