<?xml version="1.0" encoding="UTF-8"?>
<testsuite xmlns:xsi="http://www.w3.org/2001/XMLSchema-instance" xsi:noNamespaceSchemaLocation="https://maven.apache.org/surefire/maven-surefire-plugin/xsd/surefire-test-report.xsd" version="3.0.2" name="com.pranshi.loan.loan.LoanApplicationTests" time="18.917" tests="1" errors="0" skipped="0" failures="0">
  <properties>
[...]
</properties>
  <testcase name="contextLoads" classname="com.pranshi.loan.loan.LoanApplicationTests" time="1.099">
    <system-out><![CDATA[13:11:44.761 [main] INFO org.springframework.test.context.support.AnnotationConfigContextLoaderUtils -- Could not detect default configuration classes for test class [com.pranshi.loan.loan.LoanApplicationTests]: LoanApplicationTests does not declare any static, non-private, non-final, nested classes annotated with @Configuration.
13:11:45.059 [main] INFO org.springframework.boot.test.context.SpringBootTestContextBootstrapper -- Found @SpringBootConfiguration com.pranshi.loan.loan.LoanApplication for test class com.pranshi.loan.loan.LoanApplicationTests
13:11:45.651 [main] INFO org.springframework.boot.devtools.restart.RestartApplicationListener -- Restart disabled due to context in which it is running

  .   ____          _            __ _ _
 /\\ / ___'_ __ _ _(_)_ __  __ _ \ \ \ \
( ( )\___ | '_ | '_| | '_ \/ _` | \ \ \ \
 \\/  ___)| |_)| | | | | || (_| |  ) ) ) )
  '  |____| .__|_| |_|_| |_\__, | / / / /
 =========|_|==============|___/=/_/_/_/

 :: Spring Boot ::                (v3.4.5)

2025-05-25T13:11:46.704+05:30  INFO 16284 --- [cards] [           main] c.p.loan.loan.LoanApplicationTests       : Starting LoanApplicationTests using Java 17.0.12 with PID 16284 (started by dell in G:\vscode-project-docker\docker-boot-project\microservice\loan-microservice\loan)
2025-05-25T13:11:46.708+05:30  INFO 16284 --- [cards] [           main] c.p.loan.loan.LoanApplicationTests       : The following 1 profile is active: "qa"
2025-05-25T13:11:50.485+05:30  INFO 16284 --- [cards] [           main] .s.d.r.c.RepositoryConfigurationDelegate : Bootstrapping Spring Data JPA repositories in DEFAULT mode.
2025-05-25T13:11:50.676+05:30  INFO 16284 --- [cards] [           main] .s.d.r.c.RepositoryConfigurationDelegate : Finished Spring Data repository scanning in 165 ms. Found 1 JPA repository interface.
2025-05-25T13:11:52.227+05:30  INFO 16284 --- [cards] [           main] com.zaxxer.hikari.HikariDataSource       : HikariPool-1 - Starting...
2025-05-25T13:11:52.657+05:30  INFO 16284 --- [cards] [           main] com.zaxxer.hikari.pool.HikariPool        : HikariPool-1 - Added connection conn0: url=jdbc:h2:mem:testdb user=SA
2025-05-25T13:11:52.663+05:30  INFO 16284 --- [cards] [           main] com.zaxxer.hikari.HikariDataSource       : HikariPool-1 - Start completed.
2025-05-25T13:11:53.009+05:30  INFO 16284 --- [cards] [           main] o.hibernate.jpa.internal.util.LogHelper  : HHH000204: Processing PersistenceUnitInfo [name: default]
2025-05-25T13:11:53.148+05:30  INFO 16284 --- [cards] [           main] org.hibernate.Version                    : HHH000412: Hibernate ORM core version 6.6.13.Final
2025-05-25T13:11:53.252+05:30  INFO 16284 --- [cards] [           main] o.h.c.internal.RegionFactoryInitiator    : HHH000026: Second-level cache disabled
2025-05-25T13:11:54.365+05:30  INFO 16284 --- [cards] [           main] o.s.o.j.p.SpringPersistenceUnitInfo      : No LoadTimeWeaver setup: ignoring JPA class transformer
2025-05-25T13:11:54.509+05:30  WARN 16284 --- [cards] [           main] org.hibernate.orm.deprecation            : HHH90000025: H2Dialect does not need to be specified explicitly using 'hibernate.dialect' (remove the property setting and it will be selected by default)
2025-05-25T13:11:54.559+05:30  INFO 16284 --- [cards] [           main] org.hibernate.orm.connections.pooling    : HHH10001005: Database info:
	Database JDBC URL [Connecting through datasource 'HikariDataSource (HikariPool-1)']
	Database driver: undefined/unknown
	Database version: 2.3.232
	Autocommit mode: undefined/unknown
	Isolation level: undefined/unknown
	Minimum pool size: undefined/unknown
	Maximum pool size: undefined/unknown
2025-05-25T13:11:56.340+05:30  INFO 16284 --- [cards] [           main] o.h.e.t.j.p.i.JtaPlatformInitiator       : HHH000489: No JTA platform available (set 'hibernate.transaction.jta.platform' to enable JTA platform integration)
2025-05-25T13:11:56.450+05:30  INFO 16284 --- [cards] [           main] j.LocalContainerEntityManagerFactoryBean : Initialized JPA EntityManagerFactory for persistence unit 'default'
2025-05-25T13:11:58.431+05:30  WARN 16284 --- [cards] [           main] JpaBaseConfiguration$JpaWebConfiguration : spring.jpa.open-in-view is enabled by default. Therefore, database queries may be performed during view rendering. Explicitly configure spring.jpa.open-in-view to disable this warning
2025-05-25T13:12:01.648+05:30  INFO 16284 --- [cards] [           main] o.s.b.a.h2.H2ConsoleAutoConfiguration    : H2 console available at '/h2-console'. Database available at 'jdbc:h2:mem:testdb'
2025-05-25T13:12:01.895+05:30  INFO 16284 --- [cards] [           main] o.s.b.a.e.web.EndpointLinksResolver      : Exposing 1 endpoint beneath base path '/actuator'
2025-05-25T13:12:02.118+05:30  INFO 16284 --- [cards] [           main] c.p.loan.loan.LoanApplicationTests       : Started LoanApplicationTests in 16.51 seconds (process running for 19.365)
]]></system-out>
  </testcase>
</testsuite>